<?xml version="1.0" encoding="UTF-8"?>
<!-- Generated by org.testng.reporters.JUnitReportReporter -->
<testsuite hostname="DESKTOP-4SBVNKQ" failures="0" tests="1" name="Railway.LoginTest" time="10.425" errors="0" timestamp="2022-05-11T11:02:49 ICT" skipped="0">
  <testcase classname="Railway.LoginTest" name="TestCase1" time="10.425"/>
  <system-out/>
</testsuite> <!-- Railway.LoginTest -->
