<?xml version="1.0" encoding="UTF-8"?>
<!-- Generated by org.testng.reporters.JUnitReportReporter -->
<testsuite hostname="DESKTOP-4SBVNKQ" failures="0" tests="1" name="ChoTot.LoginTest" time="13.921" errors="0" timestamp="2022-05-11T23:39:04 ICT" skipped="0">
  <testcase classname="ChoTot.LoginTest" name="TestCase1" time="13.921"/>
  <system-out/>
</testsuite> <!-- ChoTot.LoginTest -->
